1 b 6 6 
1 7 2 9 
b 7 3 9 
8 8 0 0 
4 5 0 0 

b b 6 6 
1 7 2 9 
1 7 3 9 
8 8 0 0 
4 5 0 0 

b 7 6 6 
1 7 2 9 
1 b 3 9 
8 8 0 0 
4 5 0 0 

b 7 6 6 
1 7 2 9 
1 3 b 9 
8 8 0 0 
4 5 0 0 

b 7 6 6 
1 7 b 9 
1 3 2 9 
8 8 0 0 
4 5 0 0 

1 7 6 6 
1 7 b 9 
b 3 2 9 
8 8 0 0 
4 5 0 0 

1 7 6 6 
1 7 b 9 
3 b 2 9 
8 8 0 0 
4 5 0 0 

1 b 6 6 
1 7 b 9 
3 7 2 9 
8 8 0 0 
4 5 0 0 

1 b 6 6 
1 7 2 9 
3 7 b 9 
8 8 0 0 
4 5 0 0 

1 7 6 6 
1 7 2 9 
3 b b 9 
8 8 0 0 
4 5 0 0 

1 7 6 6 
1 7 2 9 
b b 3 9 
8 8 0 0 
4 5 0 0 

1 7 6 6 
1 7 2 9 
8 8 3 9 
b b 0 0 
4 5 0 0 

1 7 6 6 
1 7 2 9 
8 8 3 9 
b 5 0 0 
4 b 0 0 

1 7 6 6 
1 7 2 9 
8 8 3 9 
4 5 0 0 
b b 0 0 

1 7 6 6 
1 7 2 9 
8 8 3 9 
4 b 0 0 
b 5 0 0 

1 7 6 6 
1 7 2 9 
8 8 3 9 
4 b 0 0 
5 b 0 0 

1 7 6 6 
1 7 2 9 
8 8 3 9 
4 0 0 b 
5 0 0 b 

1 7 6 6 
1 7 2 9 
8 8 3 9 
4 0 0 b 
5 0 0 b 

DFS
